<?xml version="1.0" encoding="UTF-8"?>
<!-- Generated by org.testng.reporters.JUnitReportReporter -->
<testsuite skipped="0" hostname="Avivits-MacBook-Pro.local" name="sanity.GrafanaAPI" tests="4" failures="0" timestamp="2021-04-18T11:07:20 IDT" time="15.903" errors="0">
  <testcase name="test01_verifyTeam" time="3.315" classname="sanity.GrafanaAPI"/>
  <testcase name="test04_DeleteTeamAndVerify" time="5.150" classname="sanity.GrafanaAPI"/>
  <testcase name="test03_UpdateTeamAndVerify" time="5.179" classname="sanity.GrafanaAPI"/>
  <testcase name="test02_addTeamAndVerify" time="2.259" classname="sanity.GrafanaAPI"/>
</testsuite> <!-- sanity.GrafanaAPI -->
