<?xml version="1.0" encoding="UTF-8"?>
<!-- Generated by org.testng.reporters.JUnitReportReporter -->
<testsuite skipped="0" hostname="Avivits-MacBook-Pro.local" name="sanity.GrafanaWeb" tests="8" failures="0" timestamp="2021-04-18T11:07:42 IDT" time="45.592" errors="0">
  <testcase name="test03_verifyNewUser" time="3.023" classname="sanity.GrafanaWeb"/>
  <testcase name="test05_verifyProgressStep" time="0.457" classname="sanity.GrafanaWeb"/>
  <testcase name="test04_verifyNewUserDeletion" time="3.738" classname="sanity.GrafanaWeb"/>
  <testcase name="test02_verifyDefaultUsers" time="1.709" classname="sanity.GrafanaWeb"/>
  <testcase name="test07_searchUsers" time="14.010" classname="sanity.GrafanaWeb"/>
  <testcase name="test07_searchUsers" time="3.488" classname="sanity.GrafanaWeb"/>
  <testcase name="test01_verifyHeader" time="5.612" classname="sanity.GrafanaWeb"/>
  <testcase name="test07_searchUsers" time="13.555" classname="sanity.GrafanaWeb"/>
</testsuite> <!-- sanity.GrafanaWeb -->
